<?xml version="1.0" encoding="UTF-8"?>
<testsuite xmlns:xsi="http://www.w3.org/2001/XMLSchema-instance" xsi:noNamespaceSchemaLocation="https://maven.apache.org/surefire/maven-surefire-plugin/xsd/surefire-test-report.xsd" version="3.0.2" name="com.example.cicd.CicdDemoApplicationTests" time="1.277" tests="1" errors="0" skipped="0" failures="0">
  <properties>
[...]
</properties>
  <testcase name="healthEndpointShouldReturnUp" classname="com.example.cicd.CicdDemoApplicationTests" time="0.429">
    <system-out><![CDATA[12:45:24.092 [main] INFO org.springframework.test.context.support.AnnotationConfigContextLoaderUtils -- Could not detect default configuration classes for test class [com.example.cicd.CicdDemoApplicationTests]: CicdDemoApplicationTests does not declare any static, non-private, non-final, nested classes annotated with @Configuration.
12:45:24.159 [main] INFO org.springframework.boot.test.context.SpringBootTestContextBootstrapper -- Found @SpringBootConfiguration com.example.cicd.CicdDemoApplication for test class com.example.cicd.CicdDemoApplicationTests

  .   ____          _            __ _ _
 /\\ / ___'_ __ _ _(_)_ __  __ _ \ \ \ \
( ( )\___ | '_ | '_| | '_ \/ _` | \ \ \ \
 \\/  ___)| |_)| | | | | || (_| |  ) ) ) )
  '  |____| .__|_| |_|_| |_\__, | / / / /
 =========|_|==============|___/=/_/_/_/

 :: Spring Boot ::                (v3.4.4)

2026-04-14T12:45:24.359Z  INFO 222 --- [cicd-demo] [           main] c.example.cicd.CicdDemoApplicationTests  : Starting CicdDemoApplicationTests using Java 17.0.15 with PID 222 (started by root in /workspace)
2026-04-14T12:45:24.360Z  INFO 222 --- [cicd-demo] [           main] c.example.cicd.CicdDemoApplicationTests  : No active profile set, falling back to 1 default profile: "default"
2026-04-14T12:45:24.851Z  INFO 222 --- [cicd-demo] [           main] o.s.b.t.m.w.SpringBootMockServletContext : Initializing Spring TestDispatcherServlet ''
2026-04-14T12:45:24.851Z  INFO 222 --- [cicd-demo] [           main] o.s.t.web.servlet.TestDispatcherServlet  : Initializing Servlet ''
2026-04-14T12:45:24.852Z  INFO 222 --- [cicd-demo] [           main] o.s.t.web.servlet.TestDispatcherServlet  : Completed initialization in 1 ms
2026-04-14T12:45:24.868Z  INFO 222 --- [cicd-demo] [           main] c.example.cicd.CicdDemoApplicationTests  : Started CicdDemoApplicationTests in 0.637 seconds (process running for 1.07)
]]></system-out>
  </testcase>
</testsuite>